<?xml version='1.0' encoding='utf-8'?>
<testsuites tests="1" errors="0" failures="0"><testsuite name="liblength" tests="1" errors="0" failures="0" skipped="0"><testcase name="Liblength test" classname="Liblength test"><system-out>[doctest] doctest version is "1.2.3"
[doctest] run with "--help" for options
===============================================================================
[doctest] test cases:      3 |      3 passed |      0 failed |      0 skipped
[doctest] assertions:    257 |    257 passed |      0 failed |
[doctest] Status: SUCCESS!</system-out></testcase></testsuite></testsuites>